This file contains any messages produced by compilers while
running configure, to aid debugging if configure makes a mistake.

It was created by Yate-BTS configure 6.1.1, which was
generated by GNU Autoconf 2.71.  Invocation command line was

  $ ./configure --prefix=/usr/local

## --------- ##
## Platform. ##
## --------- ##

hostname = yatebts
uname -m = aarch64
uname -r = 6.6.31+rpt-rpi-2712
uname -s = Linux
uname -v = #1 SMP PREEMPT Debian 1:6.6.31-1+rpt1 (2024-05-29)

/usr/bin/uname -p = unknown
/bin/uname -X     = unknown

/bin/arch              = aarch64
/usr/bin/arch -k       = unknown
/usr/convex/getsysinfo = unknown
/usr/bin/hostinfo      = unknown
/bin/machine           = unknown
/usr/bin/oslevel       = unknown
/bin/universe          = unknown

PATH: /usr/local/sbin/
PATH: /usr/local/bin/
PATH: /usr/sbin/
PATH: /usr/bin/
PATH: /sbin/
PATH: /bin/
PATH: /usr/local/games/
PATH: /usr/games/


## ----------- ##
## Core tests. ##
## ----------- ##

configure:2708: checking for local operating system type
configure:2712: result: Linux
configure:2785: checking for g++
configure:2806: found /usr/bin/g++
configure:2817: result: g++
configure:2844: checking for C++ compiler version
configure:2853: g++ --version >&5
g++ (Debian 12.2.0-14) 12.2.0
Copyright (C) 2022 Free Software Foundation, Inc.
This is free software; see the source for copying conditions.  There is NO
warranty; not even for MERCHANTABILITY or FITNESS FOR A PARTICULAR PURPOSE.

configure:2864: $? = 0
configure:2853: g++ -v >&5
Using built-in specs.
COLLECT_GCC=g++
COLLECT_LTO_WRAPPER=/usr/lib/gcc/aarch64-linux-gnu/12/lto-wrapper
Target: aarch64-linux-gnu
Configured with: ../src/configure -v --with-pkgversion='Debian 12.2.0-14' --with-bugurl=file:///usr/share/doc/gcc-12/README.Bugs --enable-languages=c,ada,c++,go,d,fortran,objc,obj-c++,m2 --prefix=/usr --with-gcc-major-version-only --program-suffix=-12 --program-prefix=aarch64-linux-gnu- --enable-shared --enable-linker-build-id --libexecdir=/usr/lib --without-included-gettext --enable-threads=posix --libdir=/usr/lib --enable-nls --enable-clocale=gnu --enable-libstdcxx-debug --enable-libstdcxx-time=yes --with-default-libstdcxx-abi=new --enable-gnu-unique-object --disable-libquadmath --disable-libquadmath-support --enable-plugin --enable-default-pie --with-system-zlib --enable-libphobos-checking=release --with-target-system-zlib=auto --enable-objc-gc=auto --enable-multiarch --enable-fix-cortex-a53-843419 --disable-werror --enable-checking=release --build=aarch64-linux-gnu --host=aarch64-linux-gnu --target=aarch64-linux-gnu
Thread model: posix
Supported LTO compression algorithms: zlib zstd
gcc version 12.2.0 (Debian 12.2.0-14) 
configure:2864: $? = 0
configure:2853: g++ -V >&5
g++: error: unrecognized command-line option '-V'
g++: fatal error: no input files
compilation terminated.
configure:2864: $? = 1
configure:2853: g++ -qversion >&5
g++: error: unrecognized command-line option '-qversion'; did you mean '--version'?
g++: fatal error: no input files
compilation terminated.
configure:2864: $? = 1
configure:2884: checking whether the C++ compiler works
configure:2906: g++    conftest.cpp  >&5
configure:2910: $? = 0
configure:2960: result: yes
configure:2963: checking for C++ compiler default output file name
configure:2965: result: a.out
configure:2971: checking for suffix of executables
configure:2978: g++ -o conftest    conftest.cpp  >&5
configure:2982: $? = 0
configure:3005: result: 
configure:3027: checking whether we are cross compiling
configure:3035: g++ -o conftest    conftest.cpp  >&5
configure:3039: $? = 0
configure:3046: ./conftest
configure:3050: $? = 0
configure:3065: result: no
configure:3070: checking for suffix of object files
configure:3093: g++ -c   conftest.cpp >&5
configure:3097: $? = 0
configure:3119: result: o
configure:3123: checking whether the compiler supports GNU C++
configure:3143: g++ -c   conftest.cpp >&5
configure:3143: $? = 0
configure:3153: result: yes
configure:3164: checking whether g++ accepts -g
configure:3185: g++ -c -g  conftest.cpp >&5
configure:3185: $? = 0
configure:3229: result: yes
configure:3249: checking for g++ option to enable C++11 features
configure:3264: g++  -c -g -O2  conftest.cpp >&5
conftest.cpp: In function 'int main(int, char**)':
conftest.cpp:175:25: warning: empty parentheses were disambiguated as a function declaration [-Wvexing-parse]
  175 |   cxx11test::delegate d2();
      |                         ^~
conftest.cpp:175:25: note: remove parentheses to default-initialize a variable
  175 |   cxx11test::delegate d2();
      |                         ^~
      |                         --
conftest.cpp:175:25: note: or replace parentheses with braces to value-initialize a variable
configure:3264: $? = 0
configure:3282: result: none needed
configure:3408: checking for gcc
configure:3429: found /usr/bin/gcc
configure:3440: result: gcc
configure:3793: checking for C compiler version
configure:3802: gcc --version >&5
gcc (Debian 11.3.0-12) 11.3.0
Copyright (C) 2021 Free Software Foundation, Inc.
This is free software; see the source for copying conditions.  There is NO
warranty; not even for MERCHANTABILITY or FITNESS FOR A PARTICULAR PURPOSE.

configure:3813: $? = 0
configure:3802: gcc -v >&5
Using built-in specs.
COLLECT_GCC=gcc
COLLECT_LTO_WRAPPER=/usr/lib/gcc/aarch64-linux-gnu/11/lto-wrapper
Target: aarch64-linux-gnu
Configured with: ../src/configure -v --with-pkgversion='Debian 11.3.0-12' --with-bugurl=file:///usr/share/doc/gcc-11/README.Bugs --enable-languages=c,ada,c++,go,d,fortran,objc,obj-c++,m2 --prefix=/usr --with-gcc-major-version-only --program-suffix=-11 --program-prefix=aarch64-linux-gnu- --enable-shared --enable-linker-build-id --libexecdir=/usr/lib --without-included-gettext --enable-threads=posix --libdir=/usr/lib --enable-nls --enable-bootstrap --enable-clocale=gnu --enable-libstdcxx-debug --enable-libstdcxx-time=yes --with-default-libstdcxx-abi=new --enable-gnu-unique-object --disable-libquadmath --disable-libquadmath-support --enable-plugin --enable-default-pie --with-system-zlib --enable-libphobos-checking=release --with-target-system-zlib=auto --enable-objc-gc=auto --enable-multiarch --enable-fix-cortex-a53-843419 --disable-werror --enable-checking=release --build=aarch64-linux-gnu --host=aarch64-linux-gnu --target=aarch64-linux-gnu --with-build-config=bootstrap-lto-lean --enable-link-serialization=4
Thread model: posix
Supported LTO compression algorithms: zlib zstd
gcc version 11.3.0 (Debian 11.3.0-12) 
configure:3813: $? = 0
configure:3802: gcc -V >&5
gcc: error: unrecognized command-line option '-V'
gcc: fatal error: no input files
compilation terminated.
configure:3813: $? = 1
configure:3802: gcc -qversion >&5
gcc: error: unrecognized command-line option '-qversion'; did you mean '--version'?
gcc: fatal error: no input files
compilation terminated.
configure:3813: $? = 1
configure:3802: gcc -version >&5
gcc: error: unrecognized command-line option '-version'
gcc: fatal error: no input files
compilation terminated.
configure:3813: $? = 1
configure:3817: checking whether the compiler supports GNU C
configure:3837: gcc -c   conftest.c >&5
configure:3837: $? = 0
configure:3847: result: yes
configure:3858: checking whether gcc accepts -g
configure:3879: gcc -c -g  conftest.c >&5
configure:3879: $? = 0
configure:3923: result: yes
configure:3943: checking for gcc option to enable C11 features
configure:3958: gcc  -c -g -O2  conftest.c >&5
configure:3958: $? = 0
configure:3976: result: none needed
configure:4090: checking for gawk
configure:4125: result: no
configure:4090: checking for mawk
configure:4111: found /usr/bin/mawk
configure:4122: result: mawk
configure:4146: checking for sed command to use
configure:4155: result: sed
configure:4160: checking for an ANSI C-conforming const
configure:4227: gcc -c  -O2  conftest.c >&5
configure:4227: $? = 0
configure:4235: result: yes
configure:4243: checking for inline
configure:4260: gcc -c  -O2  conftest.c >&5
configure:4260: $? = 0
configure:4269: result: inline
configure:4291: checking for stdio.h
configure:4291: gcc -c  -O2  conftest.c >&5
configure:4291: $? = 0
configure:4291: result: yes
configure:4291: checking for stdlib.h
configure:4291: gcc -c  -O2  conftest.c >&5
configure:4291: $? = 0
configure:4291: result: yes
configure:4291: checking for string.h
configure:4291: gcc -c  -O2  conftest.c >&5
configure:4291: $? = 0
configure:4291: result: yes
configure:4291: checking for inttypes.h
configure:4291: gcc -c  -O2  conftest.c >&5
configure:4291: $? = 0
configure:4291: result: yes
configure:4291: checking for stdint.h
configure:4291: gcc -c  -O2  conftest.c >&5
configure:4291: $? = 0
configure:4291: result: yes
configure:4291: checking for strings.h
configure:4291: gcc -c  -O2  conftest.c >&5
configure:4291: $? = 0
configure:4291: result: yes
configure:4291: checking for sys/stat.h
configure:4291: gcc -c  -O2  conftest.c >&5
configure:4291: $? = 0
configure:4291: result: yes
configure:4291: checking for sys/types.h
configure:4291: gcc -c  -O2  conftest.c >&5
configure:4291: $? = 0
configure:4291: result: yes
configure:4291: checking for unistd.h
configure:4291: gcc -c  -O2  conftest.c >&5
configure:4291: $? = 0
configure:4291: result: yes
configure:4291: checking for sys/time.h
configure:4291: gcc -c  -O2  conftest.c >&5
configure:4291: $? = 0
configure:4291: result: yes
configure:4316: checking for size_t
configure:4316: gcc -c  -O2  conftest.c >&5
configure:4316: $? = 0
configure:4316: gcc -c  -O2  conftest.c >&5
conftest.c: In function 'main':
conftest.c:51:21: error: expected expression before ')' token
   51 | if (sizeof ((size_t)))
      |                     ^
configure:4316: $? = 1
configure: failed program was:
| /* confdefs.h */
| #define PACKAGE_NAME "Yate-BTS"
| #define PACKAGE_TARNAME "yate-bts"
| #define PACKAGE_VERSION "6.1.1"
| #define PACKAGE_STRING "Yate-BTS 6.1.1"
| #define PACKAGE_BUGREPORT ""
| #define PACKAGE_URL ""
| #define HAVE_STDIO_H 1
| #define HAVE_STDLIB_H 1
| #define HAVE_STRING_H 1
| #define HAVE_INTTYPES_H 1
| #define HAVE_STDINT_H 1
| #define HAVE_STRINGS_H 1
| #define HAVE_SYS_STAT_H 1
| #define HAVE_SYS_TYPES_H 1
| #define HAVE_UNISTD_H 1
| #define HAVE_SYS_TIME_H 1
| #define STDC_HEADERS 1
| /* end confdefs.h.  */
| #include <stddef.h>
| #ifdef HAVE_STDIO_H
| # include <stdio.h>
| #endif
| #ifdef HAVE_STDLIB_H
| # include <stdlib.h>
| #endif
| #ifdef HAVE_STRING_H
| # include <string.h>
| #endif
| #ifdef HAVE_INTTYPES_H
| # include <inttypes.h>
| #endif
| #ifdef HAVE_STDINT_H
| # include <stdint.h>
| #endif
| #ifdef HAVE_STRINGS_H
| # include <strings.h>
| #endif
| #ifdef HAVE_SYS_TYPES_H
| # include <sys/types.h>
| #endif
| #ifdef HAVE_SYS_STAT_H
| # include <sys/stat.h>
| #endif
| #ifdef HAVE_UNISTD_H
| # include <unistd.h>
| #endif
| int
| main (void)
| {
| if (sizeof ((size_t)))
| 	    return 0;
|   ;
|   return 0;
| }
configure:4316: result: yes
configure:4336: checking whether byte ordering is bigendian
configure:4352: gcc -c  -O2  conftest.c >&5
conftest.c:22:16: error: unknown type name 'not'
   22 |                not a universal capable compiler
      |                ^~~
conftest.c:22:22: error: expected '=', ',', ';', 'asm' or '__attribute__' before 'universal'
   22 |                not a universal capable compiler
      |                      ^~~~~~~~~
conftest.c:22:22: error: unknown type name 'universal'
configure:4352: $? = 1
configure: failed program was:
| /* confdefs.h */
| #define PACKAGE_NAME "Yate-BTS"
| #define PACKAGE_TARNAME "yate-bts"
| #define PACKAGE_VERSION "6.1.1"
| #define PACKAGE_STRING "Yate-BTS 6.1.1"
| #define PACKAGE_BUGREPORT ""
| #define PACKAGE_URL ""
| #define HAVE_STDIO_H 1
| #define HAVE_STDLIB_H 1
| #define HAVE_STRING_H 1
| #define HAVE_INTTYPES_H 1
| #define HAVE_STDINT_H 1
| #define HAVE_STRINGS_H 1
| #define HAVE_SYS_STAT_H 1
| #define HAVE_SYS_TYPES_H 1
| #define HAVE_UNISTD_H 1
| #define HAVE_SYS_TIME_H 1
| #define STDC_HEADERS 1
| #define TIME_WITH_SYS_TIME 1
| /* end confdefs.h.  */
| #ifndef __APPLE_CC__
| 	       not a universal capable compiler
| 	     #endif
| 	     typedef int dummy;
| 
configure:4398: gcc -c  -O2  conftest.c >&5
configure:4398: $? = 0
configure:4417: gcc -c  -O2  conftest.c >&5
conftest.c: In function 'main':
conftest.c:28:18: error: unknown type name 'not'; did you mean 'ino_t'?
   28 |                  not big endian
      |                  ^~~
      |                  ino_t
conftest.c:28:26: error: expected '=', ',', ';', 'asm' or '__attribute__' before 'endian'
   28 |                  not big endian
      |                          ^~~~~~
configure:4417: $? = 1
configure: failed program was:
| /* confdefs.h */
| #define PACKAGE_NAME "Yate-BTS"
| #define PACKAGE_TARNAME "yate-bts"
| #define PACKAGE_VERSION "6.1.1"
| #define PACKAGE_STRING "Yate-BTS 6.1.1"
| #define PACKAGE_BUGREPORT ""
| #define PACKAGE_URL ""
| #define HAVE_STDIO_H 1
| #define HAVE_STDLIB_H 1
| #define HAVE_STRING_H 1
| #define HAVE_INTTYPES_H 1
| #define HAVE_STDINT_H 1
| #define HAVE_STRINGS_H 1
| #define HAVE_SYS_STAT_H 1
| #define HAVE_SYS_TYPES_H 1
| #define HAVE_UNISTD_H 1
| #define HAVE_SYS_TIME_H 1
| #define STDC_HEADERS 1
| #define TIME_WITH_SYS_TIME 1
| /* end confdefs.h.  */
| #include <sys/types.h>
| 		#include <sys/param.h>
| 
| int
| main (void)
| {
| #if BYTE_ORDER != BIG_ENDIAN
| 		 not big endian
| 		#endif
| 
|   ;
|   return 0;
| }
configure:4551: result: no
configure:4574: checking for sys/socket.h
configure:4574: gcc -c  -O2 -DLITTLE_ENDIAN  conftest.c >&5
configure:4574: $? = 0
configure:4574: result: yes
configure:4574: checking for sys/time.h
configure:4574: result: yes
configure:4574: checking for pthread.h
configure:4574: gcc -c  -O2 -DLITTLE_ENDIAN  conftest.c >&5
configure:4574: $? = 0
configure:4574: result: yes
configure:4574: checking for syslog.h
configure:4574: gcc -c  -O2 -DLITTLE_ENDIAN  conftest.c >&5
configure:4574: $? = 0
configure:4574: result: yes
configure:4590: checking for openlog
configure:4590: gcc -o conftest  -O2 -DLITTLE_ENDIAN   conftest.c  >&5
configure:4590: $? = 0
configure:4590: result: yes
configure:4590: checking for syslog
configure:4590: gcc -o conftest  -O2 -DLITTLE_ENDIAN   conftest.c  >&5
configure:4590: $? = 0
configure:4590: result: yes
configure:4604: checking for byteswap.h
configure:4604: gcc -c  -O2 -DLITTLE_ENDIAN  conftest.c >&5
configure:4604: $? = 0
configure:4604: result: yes
configure:4610: checking for sys/prctl.h
configure:4610: gcc -c  -O2 -DLITTLE_ENDIAN  conftest.c >&5
configure:4610: $? = 0
configure:4610: result: yes
configure:4652: checking for Yate using yate-config
configure:4671: result: 6.4.1
configure:4951: creating ./config.status

## ---------------------- ##
## Running config.status. ##
## ---------------------- ##

This file was extended by Yate-BTS config.status 6.1.1, which was
generated by GNU Autoconf 2.71.  Invocation command line was

  CONFIG_FILES    = 
  CONFIG_HEADERS  = 
  CONFIG_LINKS    = 
  CONFIG_COMMANDS = 
  $ ./config.status 

on yatebts

config.status:849: creating yate-bts.spec
config.status:849: creating Makefile
config.status:849: creating mbts/A53/Makefile
config.status:849: creating mbts/CLI/Makefile
config.status:849: creating mbts/CommonLibs/Makefile
config.status:849: creating mbts/Connection/Makefile
config.status:849: creating mbts/Control/Makefile
config.status:849: creating mbts/GPRS/Makefile
config.status:849: creating mbts/GSM/Makefile
config.status:849: creating mbts/Globals/Makefile
config.status:849: creating mbts/Peering/Makefile
config.status:849: creating mbts/SGSNGGSN/Makefile
config.status:849: creating mbts/TRXManager/Makefile
config.status:849: creating mbts/sqlite3/Makefile
config.status:849: creating mbts/apps/Makefile
config.status:849: creating transceiver/Makefile
config.status:849: creating roaming/Makefile
config.status:849: creating scripts/Makefile
config.status:849: creating nipc/Makefile
config.status:849: creating nipc/auth/Makefile
config.status:849: creating config.h
config.status:1019: config.h is unchanged

## ---------------- ##
## Cache variables. ##
## ---------------- ##

ac_cv_c_bigendian=no
ac_cv_c_compiler_gnu=yes
ac_cv_c_const=yes
ac_cv_c_inline=inline
ac_cv_cxx_compiler_gnu=yes
ac_cv_env_CCC_set=
ac_cv_env_CCC_value=
ac_cv_env_CC_set=
ac_cv_env_CC_value=
ac_cv_env_CFLAGS_set=
ac_cv_env_CFLAGS_value=
ac_cv_env_CPPFLAGS_set=
ac_cv_env_CPPFLAGS_value=
ac_cv_env_CXXFLAGS_set=
ac_cv_env_CXXFLAGS_value=
ac_cv_env_CXX_set=
ac_cv_env_CXX_value=
ac_cv_env_LDFLAGS_set=
ac_cv_env_LDFLAGS_value=
ac_cv_env_LIBS_set=
ac_cv_env_LIBS_value=
ac_cv_env_build_alias_set=
ac_cv_env_build_alias_value=
ac_cv_env_host_alias_set=
ac_cv_env_host_alias_value=
ac_cv_env_target_alias_set=
ac_cv_env_target_alias_value=
ac_cv_func_openlog=yes
ac_cv_func_syslog=yes
ac_cv_header_byteswap_h=yes
ac_cv_header_inttypes_h=yes
ac_cv_header_pthread_h=yes
ac_cv_header_stdint_h=yes
ac_cv_header_stdio_h=yes
ac_cv_header_stdlib_h=yes
ac_cv_header_string_h=yes
ac_cv_header_strings_h=yes
ac_cv_header_sys_prctl_h=yes
ac_cv_header_sys_socket_h=yes
ac_cv_header_sys_stat_h=yes
ac_cv_header_sys_time_h=yes
ac_cv_header_sys_types_h=yes
ac_cv_header_syslog_h=yes
ac_cv_header_unistd_h=yes
ac_cv_objext=o
ac_cv_prog_AWK=mawk
ac_cv_prog_ac_ct_CC=gcc
ac_cv_prog_ac_ct_CXX=g++
ac_cv_prog_cc_c11=
ac_cv_prog_cc_g=yes
ac_cv_prog_cc_stdc=
ac_cv_prog_cxx_cxx11=
ac_cv_prog_cxx_g=yes
ac_cv_prog_cxx_stdcxx=
ac_cv_type_size_t=yes
ac_cv_use_conf=
ac_cv_use_yate=yes

## ----------------- ##
## Output variables. ##
## ----------------- ##

AWK='mawk'
CC='gcc'
CFLAGS=' -O2 -DLITTLE_ENDIAN'
CONFIGURE_FILES=' Makefile mbts/A53/Makefile mbts/CLI/Makefile mbts/CommonLibs/Makefile mbts/Connection/Makefile mbts/Control/Makefile mbts/GPRS/Makefile mbts/GSM/Makefile mbts/Globals/Makefile mbts/Peering/Makefile mbts/SGSNGGSN/Makefile mbts/TRXManager/Makefile mbts/sqlite3/Makefile mbts/apps/Makefile transceiver/Makefile roaming/Makefile scripts/Makefile nipc/Makefile nipc/auth/Makefile config.h config.status config.log'
CPPFLAGS=''
CXX='g++'
CXXFLAGS='-g -O2'
DEFS='-DHAVE_CONFIG_H'
ECHO_C=''
ECHO_N='-n'
ECHO_T=''
EXEEXT=''
HAVE_SSE3='no'
HAVE_SSE41='no'
INSTALL_D='install -D'
INSTALL_L='-m 0644'
LDFLAGS=''
LIBOBJS=''
LIBS=''
LTLIBOBJS=''
OBJEXT='o'
PACKAGE_BUGREPORT=''
PACKAGE_NAME='Yate-BTS'
PACKAGE_RELEASE='1'
PACKAGE_REVISION=''
PACKAGE_STATUS='devel'
PACKAGE_STRING='Yate-BTS 6.1.1'
PACKAGE_TARNAME='yate-bts'
PACKAGE_URL=''
PACKAGE_VERSION='6.1.1'
PACKAGE_VERSION_BUILD='1'
PACKAGE_VERSION_MAJOR='6'
PACKAGE_VERSION_MINOR='1'
PACKAGE_VERSION_RELEASE='1'
PATH_SEPARATOR=':'
SHELL='/bin/bash'
THREAD_LIB='-lpthread'
YATE_CFG='/usr/local/etc/yate'
YATE_DEF=' -Wno-overloaded-virtual  -fno-exceptions -fPIC -DHAVE_GCC_FORMAT_CHECK -DHAVE_BLOCK_RETURN -DATOMIC_OPS -I/usr/local/include/yate'
YATE_INC=' -O2 -DLITTLE_ENDIAN -Wno-overloaded-virtual -fPIC -DHAVE_GCC_FORMAT_CHECK -DHAVE_BLOCK_RETURN -DATOMIC_OPS -I/usr/local/include/yate -DHAVE_CONFIG_H'
YATE_LIB='-lyate'
YATE_LNK=' -rdynamic -shared -Wl,--unresolved-symbols=ignore-in-shared-libs -L/usr/local/lib'
YATE_MOD='/usr/local/lib/yate'
YATE_REQ='6.1.0'
YATE_SCR='/usr/local/share/yate/scripts'
YATE_SHR='/usr/local/share/yate'
YATE_STR='-Wl,--retain-symbols-file,/dev/null'
YATE_VER='6.4.1'
ac_ct_CC='gcc'
ac_ct_CXX='g++'
bindir='${exec_prefix}/bin'
build_alias=''
datadir='${datarootdir}'
datarootdir='${prefix}/share'
docdir='${datarootdir}/doc/${PACKAGE_TARNAME}'
dvidir='${docdir}'
exec_prefix='${prefix}'
host_alias=''
htmldir='${docdir}'
includedir='${prefix}/include'
infodir='${datarootdir}/info'
libdir='${exec_prefix}/lib'
libexecdir='${exec_prefix}/libexec'
localedir='${datarootdir}/locale'
localstatedir='${prefix}/var'
mandir='${datarootdir}/man'
oldincludedir='/usr/include'
pdfdir='${docdir}'
prefix='/usr/local'
program_transform_name='s,x,x,'
psdir='${docdir}'
runstatedir='${localstatedir}/run'
sbindir='${exec_prefix}/sbin'
sharedstatedir='${prefix}/com'
sysconfdir='${prefix}/etc'
target_alias=''

## ----------- ##
## confdefs.h. ##
## ----------- ##

/* confdefs.h */
#define PACKAGE_NAME "Yate-BTS"
#define PACKAGE_TARNAME "yate-bts"
#define PACKAGE_VERSION "6.1.1"
#define PACKAGE_STRING "Yate-BTS 6.1.1"
#define PACKAGE_BUGREPORT ""
#define PACKAGE_URL ""
#define HAVE_STDIO_H 1
#define HAVE_STDLIB_H 1
#define HAVE_STRING_H 1
#define HAVE_INTTYPES_H 1
#define HAVE_STDINT_H 1
#define HAVE_STRINGS_H 1
#define HAVE_SYS_STAT_H 1
#define HAVE_SYS_TYPES_H 1
#define HAVE_UNISTD_H 1
#define HAVE_SYS_TIME_H 1
#define STDC_HEADERS 1
#define TIME_WITH_SYS_TIME 1
#define HAVE_SYS_SOCKET_H 1
#define HAVE_SYS_TIME_H 1
#define HAVE_PTHREAD_H 1
#define HAVE_SYSLOG_H 1
#define HAVE_OPENLOG 1
#define HAVE_SYSLOG 1
#define HAVE_BYTESWAP_H 1
#define HAVE_SYS_PRCTL_H 1

configure: exit 0
